<?xml version="1.0" encoding="UTF-8"?>
<testng-results skipped="0" failed="0" total="1" passed="1">
  <reporter-output>
  </reporter-output>
  <suite name="Default suite" duration-ms="27696" started-at="2020-05-23T16:53:49Z" finished-at="2020-05-23T16:54:17Z">
    <groups>
    </groups>
    <test name="Default test" duration-ms="27696" started-at="2020-05-23T16:53:49Z" finished-at="2020-05-23T16:54:17Z">
      <class name="robotclass.PageScrolling">
        <test-method status="PASS" signature="PageScroll()[pri:0, instance:robotclass.PageScrolling@3ac42916]" name="PageScroll" duration-ms="27674" started-at="2020-05-23T22:23:49Z" finished-at="2020-05-23T22:24:17Z">
          <reporter-output>
          </reporter-output>
        </test-method> <!-- PageScroll -->
      </class> <!-- robotclass.PageScrolling -->
    </test> <!-- Default test -->
  </suite> <!-- Default suite -->
</testng-results>
